  Building Custom Rule E:/githubfile/myproject/glog/CMakeLists.txt
  CMake does not need to re-run because E:/githubfile/myproject/glog/bin/CMakeFiles/generate.stamp is up-to-date.
  demangle.cc
C:\Program Files (x86)\Windows Kits\8.1\Include\um\dbghelp.h(1544): warning C4091: “typedef ”: 没有声明变量时忽略“”的左侧
C:\Program Files (x86)\Windows Kits\8.1\Include\um\dbghelp.h(3190): warning C4091: “typedef ”: 没有声明变量时忽略“”的左侧
  logging.cc
  raw_logging.cc
  symbolize.cc
C:\Program Files (x86)\Windows Kits\8.1\Include\um\dbghelp.h(1544): warning C4091: “typedef ”: 没有声明变量时忽略“”的左侧
C:\Program Files (x86)\Windows Kits\8.1\Include\um\dbghelp.h(3190): warning C4091: “typedef ”: 没有声明变量时忽略“”的左侧
  utilities.cc
C:\Program Files (x86)\Windows Kits\8.1\Include\um\DbgHelp.h(1544): warning C4091: “typedef ”: 没有声明变量时忽略“”的左侧
C:\Program Files (x86)\Windows Kits\8.1\Include\um\DbgHelp.h(3190): warning C4091: “typedef ”: 没有声明变量时忽略“”的左侧
  vlog_is_on.cc
  signalhandler.cc
D:\Microsoft Visual Studio 14.0\VC\include\xutility(2230): warning C4996: 'std::_Copy_impl': Function call with parameters that may be unsafe - this call relies on the caller to check that the passed values are correct. To disable this warning, use -D_SCL_SECURE_NO_WARNINGS. See documentation on how to use Visual C++ 'Checked Iterators'
  D:\Microsoft Visual Studio 14.0\VC\include\xutility(2216): note: 参见“std::_Copy_impl”的声明
  E:\githubfile\myproject\glog\src\signalhandler.cc(135): note: 参见对正在编译的函数 模板 实例化“_OutIt std::copy<char*,char*>(_InIt,_InIt,_OutIt)”的引用
          with
          [
              _OutIt=char *,
              _InIt=char *
          ]
  正在生成代码...
  port.cc
  glog.vcxproj -> E:\githubfile\tcpipController\glog\.\Debug\glogd.lib
