生成启动时间为 2018/8/30 21:47:58。
     1>项目“G:\tcpipController\tcpipController noThread2018081701_27\tcpipController noThread\glog\glog.vcxproj”在节点 2 上(Build 个目标)。
     1>ClCompile:
         G:\Microsoft Visual Studio 14.0\VC\bin\CL.exe /c /I.\src\windows /I.\src /nologo /W3 /WX- /O2 /Ob2 /Oy- /D WIN32 /D _WINDOWS /D NDEBUG /D GLOG_NO_ABBREVIATED_SEVERITIES /D GOOGLE_GLOG_DLL_DECL= /D "CMAKE_INTDIR=\"Release\"" /D _MBCS /Gm- /EHsc /MD /GS /fp:precise /Zc:wchar_t /Zc:forScope /Zc:inline /GR /Fo"Release\\" /Fd"Release\glog.pdb" /Gd /TP /analyze- /errorReport:prompt src\demangle.cc src\logging.cc src\raw_logging.cc src\signalhandler.cc src\symbolize.cc src\utilities.cc src\vlog_is_on.cc src\windows\port.cc
         demangle.cc
     1>C:\Program Files (x86)\Windows Kits\8.1\Include\um\dbghelp.h(1544): warning C4091: “typedef ”: 没有声明变量时忽略“”的左侧
     1>C:\Program Files (x86)\Windows Kits\8.1\Include\um\dbghelp.h(3190): warning C4091: “typedef ”: 没有声明变量时忽略“”的左侧
         logging.cc
         raw_logging.cc
         signalhandler.cc
         symbolize.cc
     1>C:\Program Files (x86)\Windows Kits\8.1\Include\um\dbghelp.h(1544): warning C4091: “typedef ”: 没有声明变量时忽略“”的左侧
     1>C:\Program Files (x86)\Windows Kits\8.1\Include\um\dbghelp.h(3190): warning C4091: “typedef ”: 没有声明变量时忽略“”的左侧
         utilities.cc
     1>C:\Program Files (x86)\Windows Kits\8.1\Include\um\DbgHelp.h(1544): warning C4091: “typedef ”: 没有声明变量时忽略“”的左侧
     1>C:\Program Files (x86)\Windows Kits\8.1\Include\um\DbgHelp.h(3190): warning C4091: “typedef ”: 没有声明变量时忽略“”的左侧
         vlog_is_on.cc
         port.cc
         正在生成代码...
       Lib:
         G:\Microsoft Visual Studio 14.0\VC\bin\Lib.exe /OUT:".\lib\glog_32.lib" /NOLOGO  /machine:x86 Release\demangle.obj
         Release\logging.obj
         Release\raw_logging.obj
         Release\signalhandler.obj
         Release\symbolize.obj
         Release\utilities.obj
         Release\vlog_is_on.obj
         Release\port.obj
         glog.vcxproj -> G:\tcpipController\tcpipController noThread2018081701_27\tcpipController noThread\glog\.\lib\glog_32.lib
     1>已完成生成项目“G:\tcpipController\tcpipController noThread2018081701_27\tcpipController noThread\glog\glog.vcxproj”(Build 个目标)的操作。

已成功生成。

已用时间 00:00:04.51
