c:\users\123\desktop\tcpipcontroller nothread\tcpipcontroller\win32\release\sdkcontrol.obj
c:\users\123\desktop\tcpipcontroller nothread\tcpipcontroller\win32\release\minidump.obj
c:\users\123\desktop\tcpipcontroller nothread\tcpipcontroller\win32\release\main.obj
c:\users\123\desktop\tcpipcontroller nothread\tcpipcontroller\win32\release\gloghelper.obj
c:\users\123\desktop\tcpipcontroller nothread\tcpipcontroller\win32\release\moc_eventthred.obj
c:\users\123\desktop\tcpipcontroller nothread\tcpipcontroller\win32\release\eventthred.obj
c:\users\123\desktop\tcpipcontroller nothread\tcpipcontroller\win32\release\moc_sdkcontrol.obj
c:\users\123\desktop\tcpipcontroller nothread\tcpipcontroller\win32\release\global.obj
c:\users\123\desktop\tcpipcontroller nothread\tcpipcontroller\win32\release\vc140.pdb
c:\users\123\desktop\tcpipcontroller nothread\tcpipcontroller\release\doorcontrol.exe
c:\users\123\desktop\tcpipcontroller nothread\tcpipcontroller\release\doorcontrol.pdb
c:\users\123\desktop\tcpipcontroller nothread\tcpipcontroller\generatedfiles\release\moc_eventthred.cpp
c:\users\123\desktop\tcpipcontroller nothread\tcpipcontroller\generatedfiles\release\moc_sdkcontrol.cpp
c:\users\123\desktop\tcpipcontroller nothread\tcpipcontroller\win32\release\sdkdemo.tlog\cl.command.1.tlog
c:\users\123\desktop\tcpipcontroller nothread\tcpipcontroller\win32\release\sdkdemo.tlog\cl.read.1.tlog
c:\users\123\desktop\tcpipcontroller nothread\tcpipcontroller\win32\release\sdkdemo.tlog\cl.write.1.tlog
c:\users\123\desktop\tcpipcontroller nothread\tcpipcontroller\win32\release\sdkdemo.tlog\link.command.1.tlog
c:\users\123\desktop\tcpipcontroller nothread\tcpipcontroller\win32\release\sdkdemo.tlog\link.read.1.tlog
c:\users\123\desktop\tcpipcontroller nothread\tcpipcontroller\win32\release\sdkdemo.tlog\link.write.1.tlog
c:\users\123\desktop\tcpipcontroller nothread\tcpipcontroller\win32\release\sdkdemo.tlog\sdkdemo.write.1u.tlog
