e:\githubfile\tcpipcontroller\tcpipcontroller\win32\debug\global.obj
e:\githubfile\tcpipcontroller\tcpipcontroller\win32\debug\eventthred.obj
e:\githubfile\tcpipcontroller\tcpipcontroller\win32\debug\gloghelper.obj
e:\githubfile\tcpipcontroller\tcpipcontroller\win32\debug\sdkcontrol.obj
e:\githubfile\tcpipcontroller\tcpipcontroller\win32\debug\main.obj
e:\githubfile\tcpipcontroller\tcpipcontroller\win32\debug\minidump.obj
e:\githubfile\tcpipcontroller\tcpipcontroller\win32\debug\vc140.pdb
e:\githubfile\tcpipcontroller\tcpipcontroller\win32\debug\moc_sdkcontrol.obj
e:\githubfile\tcpipcontroller\tcpipcontroller\win32\debug\moc_eventthred.obj
e:\githubfile\tcpipcontroller\tcpipcontroller\debug\doorcontrol.ilk
e:\githubfile\tcpipcontroller\tcpipcontroller\debug\doorcontrol.exe
e:\githubfile\tcpipcontroller\tcpipcontroller\debug\doorcontrol.pdb
e:\githubfile\tcpipcontroller\tcpipcontroller\generatedfiles\debug\moc_eventthred.cpp
e:\githubfile\tcpipcontroller\tcpipcontroller\generatedfiles\debug\moc_sdkcontrol.cpp
e:\githubfile\tcpipcontroller\tcpipcontroller\generatedfiles\ui_sdkcontrol.h
e:\githubfile\tcpipcontroller\tcpipcontroller\win32\debug\sdkdemo.tlog\cl.command.1.tlog
e:\githubfile\tcpipcontroller\tcpipcontroller\win32\debug\sdkdemo.tlog\cl.read.1.tlog
e:\githubfile\tcpipcontroller\tcpipcontroller\win32\debug\sdkdemo.tlog\cl.write.1.tlog
e:\githubfile\tcpipcontroller\tcpipcontroller\win32\debug\sdkdemo.tlog\link.command.1.tlog
e:\githubfile\tcpipcontroller\tcpipcontroller\win32\debug\sdkdemo.tlog\link.read.1.tlog
e:\githubfile\tcpipcontroller\tcpipcontroller\win32\debug\sdkdemo.tlog\link.write.1.tlog
e:\githubfile\tcpipcontroller\tcpipcontroller\win32\debug\sdkdemo.tlog\sdkdemo.write.1u.tlog
