生成启动时间为 2018/8/16 20:21:04。
     1>项目“C:\Users\123\Desktop\tcpipController noThread\glog\glog.vcxproj”在节点 2 上(Build 个目标)。
     1>ClCompile:
         G:\Microsoft Visual Studio 14.0\VC\bin\CL.exe /c /I./src /I./src/windows /Zi /nologo /W3 /WX- /Od /Ob0 /Oy- /D WIN32 /D _WINDOWS /D GLOG_NO_ABBREVIATED_SEVERITIES /D GOOGLE_GLOG_DLL_DECL= /D "CMAKE_INTDIR=\"Debug\"" /D _MBCS /Gm- /EHsc /RTC1 /MDd /GS /fp:precise /Zc:wchar_t /Zc:forScope /Zc:inline /GR /Fo"Debug\\" /Fd"Debug\glog.pdb" /Gd /TP /analyze- /errorReport:prompt src\demangle.cc src\logging.cc src\raw_logging.cc src\signalhandler.cc src\symbolize.cc src\utilities.cc src\vlog_is_on.cc
         demangle.cc
     1>C:\Program Files (x86)\Windows Kits\8.1\Include\um\dbghelp.h(1544): warning C4091: “typedef ”: 没有声明变量时忽略“”的左侧
     1>C:\Program Files (x86)\Windows Kits\8.1\Include\um\dbghelp.h(3190): warning C4091: “typedef ”: 没有声明变量时忽略“”的左侧
         logging.cc
         raw_logging.cc
         signalhandler.cc
     1>G:\Microsoft Visual Studio 14.0\VC\include\xutility(2230): warning C4996: 'std::_Copy_impl': Function call with parameters that may be unsafe - this call relies on the caller to check that the passed values are correct. To disable this warning, use -D_SCL_SECURE_NO_WARNINGS. See documentation on how to use Visual C++ 'Checked Iterators'
         G:\Microsoft Visual Studio 14.0\VC\include\xutility(2216): note: 参见“std::_Copy_impl”的声明
         src\signalhandler.cc(135): note: 参见对正在编译的函数 模板 实例化“_OutIt std::copy<char*,char*>(_InIt,_InIt,_OutIt)”的引用
                 with
                 [
                     _OutIt=char *,
                     _InIt=char *
                 ]
         symbolize.cc
     1>C:\Program Files (x86)\Windows Kits\8.1\Include\um\dbghelp.h(1544): warning C4091: “typedef ”: 没有声明变量时忽略“”的左侧
     1>C:\Program Files (x86)\Windows Kits\8.1\Include\um\dbghelp.h(3190): warning C4091: “typedef ”: 没有声明变量时忽略“”的左侧
         utilities.cc
     1>C:\Program Files (x86)\Windows Kits\8.1\Include\um\DbgHelp.h(1544): warning C4091: “typedef ”: 没有声明变量时忽略“”的左侧
     1>C:\Program Files (x86)\Windows Kits\8.1\Include\um\DbgHelp.h(3190): warning C4091: “typedef ”: 没有声明变量时忽略“”的左侧
         vlog_is_on.cc
         正在生成代码...
       Lib:
         G:\Microsoft Visual Studio 14.0\VC\bin\Lib.exe /OUT:".\lib\glogd_32.lib" /NOLOGO  /machine:x86 Debug\demangle.obj
         Debug\logging.obj
         Debug\raw_logging.obj
         Debug\signalhandler.obj
         Debug\symbolize.obj
         Debug\utilities.obj
         Debug\vlog_is_on.obj
         Debug\port.obj
         glog.vcxproj -> C:\Users\123\Desktop\tcpipController noThread\glog\.\lib\glogd_32.lib
     1>已完成生成项目“C:\Users\123\Desktop\tcpipController noThread\glog\glog.vcxproj”(Build 个目标)的操作。

已成功生成。

已用时间 00:00:04.62
